<?xml version="1.0" encoding="UTF-8"?>
<!-- Generated by org.testng.reporters.JUnitReportReporter -->
<testsuite hostname="DESKTOP-B0SMVD6" failures="0" tests="1" name="onBuy.com.TC.ProductTest" time="7.326" errors="0" timestamp="2023-07-11T14:47:40 IST" skipped="0">
  <testcase classname="onBuy.com.TC.ProductTest" name="Producttest" time="7.326"/>
  <system-out/>
</testsuite> <!-- onBuy.com.TC.ProductTest -->
