<?xml version="1.0" encoding="UTF-8"?>
<!-- Generated by org.testng.reporters.JUnitReportReporter -->
<testsuite hostname="DESKTOP-B0SMVD6" failures="0" tests="1" name="onBuy.com.Practice.DeleteSubCategorytest" time="9.036" errors="0" timestamp="2023-06-29T13:25:07 IST" skipped="0">
  <testcase classname="onBuy.com.Practice.DeleteSubCategorytest" name="DeleteSubcategorytest" time="9.036"/>
  <system-out/>
</testsuite> <!-- onBuy.com.Practice.DeleteSubCategorytest -->
