<?xml version="1.0" encoding="UTF-8"?>
<!-- Generated by org.testng.reporters.JUnitReportReporter -->
<testsuite hostname="DESKTOP-B0SMVD6" failures="0" tests="2" name="onBuy.com.TC.DeleteSubCategoryTest" time="6.599" errors="0" timestamp="2023-07-10T13:18:23 IST" skipped="0">
  <testcase classname="onBuy.com.TC.DeleteSubCategoryTest" name="checkinUserModule" time="4.103"/>
  <system-out/>
  <testcase classname="onBuy.com.TC.DeleteSubCategoryTest" name="DeleteSubcategorytest" time="2.496"/>
  <system-out/>
</testsuite> <!-- onBuy.com.TC.DeleteSubCategoryTest -->
