<?xml version="1.0" encoding="UTF-8"?>
<!-- Generated by org.testng.reporters.JUnitReportReporter -->
<testsuite hostname="DESKTOP-B0SMVD6" failures="0" tests="1" name="onBuy.com.Practice.Producttest" time="11.970" errors="0" timestamp="2023-06-29T13:25:33 IST" skipped="0">
  <testcase classname="onBuy.com.Practice.Producttest" name="ProductTest" time="11.970"/>
  <system-out/>
</testsuite> <!-- onBuy.com.Practice.Producttest -->
