<?xml version="1.0" encoding="UTF-8"?>
<!-- Generated by org.testng.reporters.JUnitReportReporter -->
<testsuite hostname="DESKTOP-B0SMVD6" failures="0" tests="1" name="onBuy.com.practice.JsonRead" time="0.029" errors="0" timestamp="2023-06-30T14:10:10 IST" skipped="0">
  <testcase classname="onBuy.com.practice.JsonRead" name="ReadData" time="0.029"/>
  <system-out/>
</testsuite> <!-- onBuy.com.practice.JsonRead -->
